[2026-01-06 22:07:55] INFO: User logged in successfully
[2026-01-07 12:44:39] WARN: Unauthorized access attempt detected
[2026-01-07 12:44:39] WARN: Unauthorized access attempt detected
[2026-01-07 12:45:13] WARN: Unauthorized access attempt detected
[2026-01-07 12:45:13] WARN: Unauthorized access attempt detected
[2026-01-07 12:56:56] WARN: Unauthorized access attempt detected
[2026-01-07 12:56:56] WARN: Unauthorized access attempt detected
[2026-01-07 12:58:04] INFO: User logged in successfully
[2026-01-07 13:35:00] ERROR: Invalid token detected
[2026-01-07 13:37:06] ERROR: Invalid token detected
[2026-01-07 13:46:28] ERROR: Invalid token detected
[2026-01-07 13:46:36] ERROR: Invalid token detected
[2026-01-07 13:46:43] ERROR: Invalid token detected
[2026-01-07 14:52:16] INFO: User logged in successfully
[2026-01-07 15:40:42] ERROR: Invalid token detected
[2026-01-07 15:40:42] ERROR: Invalid token detected
[2026-01-07 15:40:52] INFO: User logged in successfully
[2026-01-07 17:00:14] INFO: User logged in successfully
[2026-01-07 19:53:58] INFO: User logged in successfully
[2026-01-07 19:55:02] INFO: User logged in successfully
[2026-01-08 16:27:49] WARN: Unauthorized access attempt detected
[2026-01-08 16:27:49] WARN: Unauthorized access attempt detected
[2026-01-08 16:28:00] WARN: Unauthorized access attempt detected
[2026-01-08 16:28:00] WARN: Unauthorized access attempt detected
[2026-01-08 16:28:02] WARN: Unauthorized access attempt detected
[2026-01-08 16:28:02] WARN: Unauthorized access attempt detected
[2026-01-08 16:28:02] WARN: Unauthorized access attempt detected
[2026-01-08 16:28:02] WARN: Unauthorized access attempt detected
[2026-01-08 16:28:02] WARN: Unauthorized access attempt detected
[2026-01-08 16:28:02] WARN: Unauthorized access attempt detected
[2026-01-08 16:31:31] INFO: User logged in successfully
[2026-01-08 17:08:49] ERROR: Invalid token detected
[2026-01-08 17:09:28] ERROR: Invalid token detected
[2026-01-08 17:09:28] ERROR: Invalid token detected
[2026-01-08 17:10:00] INFO: User logged in successfully
[2026-01-08 18:00:21] ERROR: Invalid token detected
[2026-01-08 18:02:20] ERROR: Invalid token detected
[2026-01-08 18:02:42] ERROR: Invalid token detected
[2026-01-08 18:03:28] ERROR: Invalid token detected
[2026-01-08 18:03:46] ERROR: Invalid token detected
[2026-01-08 18:03:53] ERROR: Invalid token detected
[2026-01-08 18:03:56] ERROR: Invalid token detected
[2026-01-08 18:04:01] ERROR: Invalid token detected
[2026-01-08 18:32:23] ERROR: Invalid token detected
[2026-01-08 18:41:00] ERROR: Invalid token detected
[2026-01-08 18:41:04] ERROR: Invalid token detected
